Determining if the pthread_create exist failed with the following output:
Change Dir: /home/sergio/robot/build/CMakeFiles/CMakeTmp

Run Build Command:"/usr/bin/make" "cmTC_034eb/fast"
/usr/bin/make -f CMakeFiles/cmTC_034eb.dir/build.make CMakeFiles/cmTC_034eb.dir/build
make[1]: se entra en el directorio '/home/sergio/robot/build/CMakeFiles/CMakeTmp'
Building C object CMakeFiles/cmTC_034eb.dir/CheckSymbolExists.c.o
/usr/bin/cc    -o CMakeFiles/cmTC_034eb.dir/CheckSymbolExists.c.o   -c /home/sergio/robot/build/CMakeFiles/CMakeTmp/CheckSymbolExists.c
Linking C executable cmTC_034eb
/usr/bin/cmake -E cmake_link_script CMakeFiles/cmTC_034eb.dir/link.txt --verbose=1
/usr/bin/cc      -rdynamic CMakeFiles/cmTC_034eb.dir/CheckSymbolExists.c.o  -o cmTC_034eb 
CMakeFiles/cmTC_034eb.dir/CheckSymbolExists.c.o: En la función `main':
CheckSymbolExists.c:(.text+0x1b): referencia a `pthread_create' sin definir
collect2: error: ld returned 1 exit status
CMakeFiles/cmTC_034eb.dir/build.make:97: fallo en las instrucciones para el objetivo 'cmTC_034eb'
make[1]: *** [cmTC_034eb] Error 1
make[1]: se sale del directorio '/home/sergio/robot/build/CMakeFiles/CMakeTmp'
Makefile:126: fallo en las instrucciones para el objetivo 'cmTC_034eb/fast'
make: *** [cmTC_034eb/fast] Error 2

File /home/sergio/robot/build/CMakeFiles/CMakeTmp/CheckSymbolExists.c:
/* */
#include <pthread.h>

int main(int argc, char** argv)
{
  (void)argv;
#ifndef pthread_create
  return ((int*)(&pthread_create))[argc];
#else
  (void)argc;
  return 0;
#endif
}

Determining if the function pthread_create exists in the pthreads failed with the following output:
Change Dir: /home/sergio/robot/build/CMakeFiles/CMakeTmp

Run Build Command:"/usr/bin/make" "cmTC_3ac2b/fast"
/usr/bin/make -f CMakeFiles/cmTC_3ac2b.dir/build.make CMakeFiles/cmTC_3ac2b.dir/build
make[1]: se entra en el directorio '/home/sergio/robot/build/CMakeFiles/CMakeTmp'
Building C object CMakeFiles/cmTC_3ac2b.dir/CheckFunctionExists.c.o
/usr/bin/cc   -DCHECK_FUNCTION_EXISTS=pthread_create   -o CMakeFiles/cmTC_3ac2b.dir/CheckFunctionExists.c.o   -c /usr/share/cmake-3.10/Modules/CheckFunctionExists.c
Linking C executable cmTC_3ac2b
/usr/bin/cmake -E cmake_link_script CMakeFiles/cmTC_3ac2b.dir/link.txt --verbose=1
/usr/bin/cc  -DCHECK_FUNCTION_EXISTS=pthread_create    -rdynamic CMakeFiles/cmTC_3ac2b.dir/CheckFunctionExists.c.o  -o cmTC_3ac2b -lpthreads 
/usr/bin/ld: no se puede encontrar -lpthreads
collect2: error: ld returned 1 exit status
CMakeFiles/cmTC_3ac2b.dir/build.make:97: fallo en las instrucciones para el objetivo 'cmTC_3ac2b'
make[1]: *** [cmTC_3ac2b] Error 1
make[1]: se sale del directorio '/home/sergio/robot/build/CMakeFiles/CMakeTmp'
Makefile:126: fallo en las instrucciones para el objetivo 'cmTC_3ac2b/fast'
make: *** [cmTC_3ac2b/fast] Error 2


